[debug] [2022-09-07T15:39:18.205Z] ----------------------------------------------------------------------
[debug] [2022-09-07T15:39:18.206Z] Command:       /usr/local/Cellar/node/18.8.0/bin/node /usr/local/bin/firebase init
[debug] [2022-09-07T15:39:18.206Z] CLI Version:   11.8.0
[debug] [2022-09-07T15:39:18.207Z] Platform:      darwin
[debug] [2022-09-07T15:39:18.207Z] Node Version:  v18.8.0
[debug] [2022-09-07T15:39:18.207Z] Time:          Wed Sep 07 2022 21:09:18 GMT+0530 (India Standard Time)
[debug] [2022-09-07T15:39:18.207Z] ----------------------------------------------------------------------
[debug] 
[debug] [2022-09-07T15:39:18.211Z] > command requires scopes: ["email","openid","https://www.googleapis.com/auth/cloudplatformprojects.readonly","https://www.googleapis.com/auth/firebase","https://www.googleapis.com/auth/cloud-platform"]
[debug] [2022-09-07T15:39:18.212Z] > authorizing via signed-in user (305swaril@gmail.com)
[info] 
     ######## #### ########  ######## ########     ###     ######  ########
     ##        ##  ##     ## ##       ##     ##  ##   ##  ##       ##
     ######    ##  ########  ######   ########  #########  ######  ######
     ##        ##  ##    ##  ##       ##     ## ##     ##       ## ##
     ##       #### ##     ## ######## ########  ##     ##  ######  ########

You're about to initialize a Firebase project in this directory:

  /Users/swarilsinghal/PycharmProjects/AJ

[info] 
=== Project Setup
[info] 
[info] First, let's associate this project directory with a Firebase project.
[info] You can create multiple project aliases by running firebase use --add, 
[info] but for now we'll just set up a default project.
[info] 
[info] i  If you want to create a project in a Google Cloud organization or folder, please use "firebase projects:create" instead, and return to this command when you've created the project. 
[debug] [2022-09-07T15:39:53.834Z] >>> [apiv2][query] POST https://cloudresourcemanager.googleapis.com/v1/projects [none]
[debug] [2022-09-07T15:39:53.835Z] >>> [apiv2][body] POST https://cloudresourcemanager.googleapis.com/v1/projects {"projectId":"cash_management","name":"cash_management"}
[debug] [2022-09-07T15:39:55.654Z] <<< [apiv2][status] POST https://cloudresourcemanager.googleapis.com/v1/projects 400
[debug] [2022-09-07T15:39:55.654Z] <<< [apiv2][body] POST https://cloudresourcemanager.googleapis.com/v1/projects {"error":{"code":400,"message":"Request contains an invalid argument.","status":"INVALID_ARGUMENT","details":[{"@type":"type.googleapis.com/google.rpc.BadRequest","fieldViolations":[{"field":"project_id","description":"project_id contains invalid characters"},{"field":"display_name","description":"project display name contains invalid characters"}]},{"@type":"type.googleapis.com/google.rpc.Help","links":[{"url":"https://cloud.google.com/resource-manager/reference/rest/v1/projects"}]}]}}
[debug] [2022-09-07T15:39:55.910Z] FirebaseError: HTTP Error: 400, Request contains an invalid argument.
    at responseToError (/usr/local/lib/node_modules/firebase-tools/lib/responseToError.js:49:12)
    at RetryOperation._fn (/usr/local/lib/node_modules/firebase-tools/lib/apiv2.js:288:77)
    at process.processTicksAndRejections (node:internal/process/task_queues:95:5)
[error] 
[error] Error: Failed to create project. See firebase-debug.log for more info.
